<?xml version="1.0" encoding="UTF-8" ?>
<testsuite tests="10" failures="0" name="by.jrr.jis4.bean.DogTest" time="0.077" errors="0" skipped="0">
  <properties>
[...]
</properties>
  <testcase classname="by.jrr.jis4.bean.DogTest" name="testHashCodeColor" time="0.008"/>
  <testcase classname="by.jrr.jis4.bean.DogTest" name="testEqualsFalse" time="0"/>
  <testcase classname="by.jrr.jis4.bean.DogTest" name="getAge" time="0"/>
  <testcase classname="by.jrr.jis4.bean.DogTest" name="testToStringColor" time="0.066"/>
  <testcase classname="by.jrr.jis4.bean.DogTest" name="testEqualsTrue" time="0.001"/>
  <testcase classname="by.jrr.jis4.bean.DogTest" name="getName" time="0"/>
  <testcase classname="by.jrr.jis4.bean.DogTest" name="testEquals" time="0"/>
  <testcase classname="by.jrr.jis4.bean.DogTest" name="testHashCodeAge" time="0"/>
  <testcase classname="by.jrr.jis4.bean.DogTest" name="testToStringName" time="0.001"/>
  <testcase classname="by.jrr.jis4.bean.DogTest" name="getColor" time="0.001"/>
</testsuite>